<?xml version="1.0" encoding="UTF-8"?>
<testsuite xmlns:xsi="http://www.w3.org/2001/XMLSchema-instance" xsi:noNamespaceSchemaLocation="https://maven.apache.org/surefire/maven-surefire-plugin/xsd/surefire-test-report.xsd" name="com.robin.reggie.ReggieApplicationTests" time="3.468" tests="2" errors="0" skipped="0" failures="0">
  <properties>
    <property name="java.specification.version" value="18"/>
    <property name="sun.cpu.isalist" value="amd64"/>
    <property name="sun.jnu.encoding" value="GBK"/>
    <property name="java.class.path" value="F:\wjw\Reggie\target\test-classes;F:\wjw\Reggie\target\classes;F:\wjw\apache-maven-3.8.6\respository\org\springframework\boot\spring-boot-starter\2.7.4\spring-boot-starter-2.7.4.jar;F:\wjw\apache-maven-3.8.6\respository\org\springframework\boot\spring-boot\2.7.4\spring-boot-2.7.4.jar;F:\wjw\apache-maven-3.8.6\respository\org\springframework\spring-context\5.3.23\spring-context-5.3.23.jar;F:\wjw\apache-maven-3.8.6\respository\org\springframework\boot\spring-boot-autoconfigure\2.7.4\spring-boot-autoconfigure-2.7.4.jar;F:\wjw\apache-maven-3.8.6\respository\org\springframework\boot\spring-boot-starter-logging\2.7.4\spring-boot-starter-logging-2.7.4.jar;F:\wjw\apache-maven-3.8.6\respository\ch\qos\logback\logback-classic\1.2.11\logback-classic-1.2.11.jar;F:\wjw\apache-maven-3.8.6\respository\ch\qos\logback\logback-core\1.2.11\logback-core-1.2.11.jar;F:\wjw\apache-maven-3.8.6\respository\org\apache\logging\log4j\log4j-to-slf4j\2.17.2\log4j-to-slf4j-2.17.2.jar;F:\wjw\apache-maven-3.8.6\respository\org\apache\logging\log4j\log4j-api\2.17.2\log4j-api-2.17.2.jar;F:\wjw\apache-maven-3.8.6\respository\org\slf4j\jul-to-slf4j\1.7.36\jul-to-slf4j-1.7.36.jar;F:\wjw\apache-maven-3.8.6\respository\jakarta\annotation\jakarta.annotation-api\1.3.5\jakarta.annotation-api-1.3.5.jar;F:\wjw\apache-maven-3.8.6\respository\org\springframework\spring-core\5.3.23\spring-core-5.3.23.jar;F:\wjw\apache-maven-3.8.6\respository\org\springframework\spring-jcl\5.3.23\spring-jcl-5.3.23.jar;F:\wjw\apache-maven-3.8.6\respository\org\yaml\snakeyaml\1.30\snakeyaml-1.30.jar;F:\wjw\apache-maven-3.8.6\respository\org\springframework\boot\spring-boot-starter-test\2.7.4\spring-boot-starter-test-2.7.4.jar;F:\wjw\apache-maven-3.8.6\respository\org\springframework\boot\spring-boot-test\2.7.4\spring-boot-test-2.7.4.jar;F:\wjw\apache-maven-3.8.6\respository\org\springframework\boot\spring-boot-test-autoconfigure\2.7.4\spring-boot-test-autoconfigure-2.7.4.jar;F:\wjw\apache-maven-3.8.6\respository\com\jayway\jsonpath\json-path\2.7.0\json-path-2.7.0.jar;F:\wjw\apache-maven-3.8.6\respository\net\minidev\json-smart\2.4.8\json-smart-2.4.8.jar;F:\wjw\apache-maven-3.8.6\respository\net\minidev\accessors-smart\2.4.8\accessors-smart-2.4.8.jar;F:\wjw\apache-maven-3.8.6\respository\org\ow2\asm\asm\9.1\asm-9.1.jar;F:\wjw\apache-maven-3.8.6\respository\jakarta\xml\bind\jakarta.xml.bind-api\2.3.3\jakarta.xml.bind-api-2.3.3.jar;F:\wjw\apache-maven-3.8.6\respository\jakarta\activation\jakarta.activation-api\1.2.2\jakarta.activation-api-1.2.2.jar;F:\wjw\apache-maven-3.8.6\respository\org\assertj\assertj-core\3.22.0\assertj-core-3.22.0.jar;F:\wjw\apache-maven-3.8.6\respository\org\hamcrest\hamcrest\2.2\hamcrest-2.2.jar;F:\wjw\apache-maven-3.8.6\respository\org\junit\jupiter\junit-jupiter\5.8.2\junit-jupiter-5.8.2.jar;F:\wjw\apache-maven-3.8.6\respository\org\junit\jupiter\junit-jupiter-api\5.8.2\junit-jupiter-api-5.8.2.jar;F:\wjw\apache-maven-3.8.6\respository\org\opentest4j\opentest4j\1.2.0\opentest4j-1.2.0.jar;F:\wjw\apache-maven-3.8.6\respository\org\junit\platform\junit-platform-commons\1.8.2\junit-platform-commons-1.8.2.jar;F:\wjw\apache-maven-3.8.6\respository\org\apiguardian\apiguardian-api\1.1.2\apiguardian-api-1.1.2.jar;F:\wjw\apache-maven-3.8.6\respository\org\junit\jupiter\junit-jupiter-params\5.8.2\junit-jupiter-params-5.8.2.jar;F:\wjw\apache-maven-3.8.6\respository\org\junit\jupiter\junit-jupiter-engine\5.8.2\junit-jupiter-engine-5.8.2.jar;F:\wjw\apache-maven-3.8.6\respository\org\junit\platform\junit-platform-engine\1.8.2\junit-platform-engine-1.8.2.jar;F:\wjw\apache-maven-3.8.6\respository\org\mockito\mockito-core\4.5.1\mockito-core-4.5.1.jar;F:\wjw\apache-maven-3.8.6\respository\net\bytebuddy\byte-buddy\1.12.17\byte-buddy-1.12.17.jar;F:\wjw\apache-maven-3.8.6\respository\net\bytebuddy\byte-buddy-agent\1.12.17\byte-buddy-agent-1.12.17.jar;F:\wjw\apache-maven-3.8.6\respository\org\objenesis\objenesis\3.2\objenesis-3.2.jar;F:\wjw\apache-maven-3.8.6\respository\org\mockito\mockito-junit-jupiter\4.5.1\mockito-junit-jupiter-4.5.1.jar;F:\wjw\apache-maven-3.8.6\respository\org\skyscreamer\jsonassert\1.5.1\jsonassert-1.5.1.jar;F:\wjw\apache-maven-3.8.6\respository\com\vaadin\external\google\android-json\0.0.20131108.vaadin1\android-json-0.0.20131108.vaadin1.jar;F:\wjw\apache-maven-3.8.6\respository\org\springframework\spring-test\5.3.23\spring-test-5.3.23.jar;F:\wjw\apache-maven-3.8.6\respository\org\xmlunit\xmlunit-core\2.9.0\xmlunit-core-2.9.0.jar;F:\wjw\apache-maven-3.8.6\respository\org\springframework\boot\spring-boot-starter-web\2.7.4\spring-boot-starter-web-2.7.4.jar;F:\wjw\apache-maven-3.8.6\respository\org\springframework\boot\spring-boot-starter-json\2.7.4\spring-boot-starter-json-2.7.4.jar;F:\wjw\apache-maven-3.8.6\respository\com\fasterxml\jackson\core\jackson-databind\2.13.4\jackson-databind-2.13.4.jar;F:\wjw\apache-maven-3.8.6\respository\com\fasterxml\jackson\core\jackson-annotations\2.13.4\jackson-annotations-2.13.4.jar;F:\wjw\apache-maven-3.8.6\respository\com\fasterxml\jackson\core\jackson-core\2.13.4\jackson-core-2.13.4.jar;F:\wjw\apache-maven-3.8.6\respository\com\fasterxml\jackson\datatype\jackson-datatype-jdk8\2.13.4\jackson-datatype-jdk8-2.13.4.jar;F:\wjw\apache-maven-3.8.6\respository\com\fasterxml\jackson\datatype\jackson-datatype-jsr310\2.13.4\jackson-datatype-jsr310-2.13.4.jar;F:\wjw\apache-maven-3.8.6\respository\com\fasterxml\jackson\module\jackson-module-parameter-names\2.13.4\jackson-module-parameter-names-2.13.4.jar;F:\wjw\apache-maven-3.8.6\respository\org\springframework\boot\spring-boot-starter-tomcat\2.7.4\spring-boot-starter-tomcat-2.7.4.jar;F:\wjw\apache-maven-3.8.6\respository\org\apache\tomcat\embed\tomcat-embed-core\9.0.65\tomcat-embed-core-9.0.65.jar;F:\wjw\apache-maven-3.8.6\respository\org\apache\tomcat\embed\tomcat-embed-el\9.0.65\tomcat-embed-el-9.0.65.jar;F:\wjw\apache-maven-3.8.6\respository\org\apache\tomcat\embed\tomcat-embed-websocket\9.0.65\tomcat-embed-websocket-9.0.65.jar;F:\wjw\apache-maven-3.8.6\respository\org\springframework\spring-web\5.3.23\spring-web-5.3.23.jar;F:\wjw\apache-maven-3.8.6\respository\org\springframework\spring-beans\5.3.23\spring-beans-5.3.23.jar;F:\wjw\apache-maven-3.8.6\respository\org\springframework\spring-webmvc\5.3.23\spring-webmvc-5.3.23.jar;F:\wjw\apache-maven-3.8.6\respository\org\springframework\spring-aop\5.3.23\spring-aop-5.3.23.jar;F:\wjw\apache-maven-3.8.6\respository\org\springframework\spring-expression\5.3.23\spring-expression-5.3.23.jar;F:\wjw\apache-maven-3.8.6\respository\com\baomidou\mybatis-plus-boot-starter\3.4.2\mybatis-plus-boot-starter-3.4.2.jar;F:\wjw\apache-maven-3.8.6\respository\com\baomidou\mybatis-plus\3.4.2\mybatis-plus-3.4.2.jar;F:\wjw\apache-maven-3.8.6\respository\com\baomidou\mybatis-plus-extension\3.4.2\mybatis-plus-extension-3.4.2.jar;F:\wjw\apache-maven-3.8.6\respository\com\baomidou\mybatis-plus-core\3.4.2\mybatis-plus-core-3.4.2.jar;F:\wjw\apache-maven-3.8.6\respository\com\baomidou\mybatis-plus-annotation\3.4.2\mybatis-plus-annotation-3.4.2.jar;F:\wjw\apache-maven-3.8.6\respository\com\github\jsqlparser\jsqlparser\4.0\jsqlparser-4.0.jar;F:\wjw\apache-maven-3.8.6\respository\org\mybatis\mybatis\3.5.6\mybatis-3.5.6.jar;F:\wjw\apache-maven-3.8.6\respository\org\mybatis\mybatis-spring\2.0.5\mybatis-spring-2.0.5.jar;F:\wjw\apache-maven-3.8.6\respository\org\springframework\boot\spring-boot-starter-jdbc\2.7.4\spring-boot-starter-jdbc-2.7.4.jar;F:\wjw\apache-maven-3.8.6\respository\com\zaxxer\HikariCP\4.0.3\HikariCP-4.0.3.jar;F:\wjw\apache-maven-3.8.6\respository\org\springframework\spring-jdbc\5.3.23\spring-jdbc-5.3.23.jar;F:\wjw\apache-maven-3.8.6\respository\org\springframework\spring-tx\5.3.23\spring-tx-5.3.23.jar;F:\wjw\apache-maven-3.8.6\respository\org\projectlombok\lombok\1.18.20\lombok-1.18.20.jar;F:\wjw\apache-maven-3.8.6\respository\com\alibaba\fastjson\1.2.76\fastjson-1.2.76.jar;F:\wjw\apache-maven-3.8.6\respository\commons-lang\commons-lang\2.6\commons-lang-2.6.jar;F:\wjw\apache-maven-3.8.6\respository\mysql\mysql-connector-java\8.0.30\mysql-connector-java-8.0.30.jar;F:\wjw\apache-maven-3.8.6\respository\com\alibaba\druid-spring-boot-starter\1.1.23\druid-spring-boot-starter-1.1.23.jar;F:\wjw\apache-maven-3.8.6\respository\com\alibaba\druid\1.1.23\druid-1.1.23.jar;F:\wjw\apache-maven-3.8.6\respository\org\slf4j\slf4j-api\1.7.36\slf4j-api-1.7.36.jar;F:\wjw\apache-maven-3.8.6\respository\com\aliyun\aliyun-java-sdk-core\4.5.29\aliyun-java-sdk-core-4.5.29.jar;F:\wjw\apache-maven-3.8.6\respository\com\google\code\gson\gson\2.9.1\gson-2.9.1.jar;F:\wjw\apache-maven-3.8.6\respository\org\apache\httpcomponents\httpclient\4.5.13\httpclient-4.5.13.jar;F:\wjw\apache-maven-3.8.6\respository\commons-codec\commons-codec\1.15\commons-codec-1.15.jar;F:\wjw\apache-maven-3.8.6\respository\org\apache\httpcomponents\httpcore\4.4.15\httpcore-4.4.15.jar;F:\wjw\apache-maven-3.8.6\respository\commons-logging\commons-logging\1.2\commons-logging-1.2.jar;F:\wjw\apache-maven-3.8.6\respository\javax\xml\bind\jaxb-api\2.3.1\jaxb-api-2.3.1.jar;F:\wjw\apache-maven-3.8.6\respository\javax\activation\javax.activation-api\1.2.0\javax.activation-api-1.2.0.jar;F:\wjw\apache-maven-3.8.6\respository\org\glassfish\jaxb\jaxb-runtime\2.3.6\jaxb-runtime-2.3.6.jar;F:\wjw\apache-maven-3.8.6\respository\org\glassfish\jaxb\txw2\2.3.6\txw2-2.3.6.jar;F:\wjw\apache-maven-3.8.6\respository\com\sun\istack\istack-commons-runtime\3.0.12\istack-commons-runtime-3.0.12.jar;F:\wjw\apache-maven-3.8.6\respository\com\sun\activation\jakarta.activation\1.2.2\jakarta.activation-1.2.2.jar;F:\wjw\apache-maven-3.8.6\respository\org\bouncycastle\bcprov-jdk15on\1.68\bcprov-jdk15on-1.68.jar;F:\wjw\apache-maven-3.8.6\respository\org\jacoco\org.jacoco.agent\0.8.7\org.jacoco.agent-0.8.7-runtime.jar;F:\wjw\apache-maven-3.8.6\respository\org\ini4j\ini4j\0.5.4\ini4j-0.5.4.jar;F:\wjw\apache-maven-3.8.6\respository\io\opentracing\opentracing-api\0.33.0\opentracing-api-0.33.0.jar;F:\wjw\apache-maven-3.8.6\respository\io\opentracing\opentracing-util\0.33.0\opentracing-util-0.33.0.jar;F:\wjw\apache-maven-3.8.6\respository\io\opentracing\opentracing-noop\0.33.0\opentracing-noop-0.33.0.jar;F:\wjw\apache-maven-3.8.6\respository\com\aliyun\aliyun-java-sdk-dysmsapi\2.2.1\aliyun-java-sdk-dysmsapi-2.2.1.jar;"/>
    <property name="java.vm.vendor" value="Oracle Corporation"/>
    <property name="sun.arch.data.model" value="64"/>
    <property name="user.variant" value=""/>
    <property name="java.vendor.url" value="https://java.oracle.com/"/>
    <property name="user.timezone" value="Asia/Shanghai"/>
    <property name="os.name" value="Windows 11"/>
    <property name="java.vm.specification.version" value="18"/>
    <property name="sun.java.launcher" value="SUN_STANDARD"/>
    <property name="user.country" value="CN"/>
    <property name="sun.boot.library.path" value="F:\jdk\bin"/>
    <property name="sun.java.command" value="C:\Users\xbc\AppData\Local\Temp\surefire14809083724684353943\surefirebooter9524228909582621733.jar C:\Users\xbc\AppData\Local\Temp\surefire14809083724684353943 2023-02-26T21-21-06_083-jvmRun1 surefire14173762293363138640tmp surefire_011745617251738327624tmp"/>
    <property name="jdk.debug" value="release"/>
    <property name="surefire.test.class.path" value="F:\wjw\Reggie\target\test-classes;F:\wjw\Reggie\target\classes;F:\wjw\apache-maven-3.8.6\respository\org\springframework\boot\spring-boot-starter\2.7.4\spring-boot-starter-2.7.4.jar;F:\wjw\apache-maven-3.8.6\respository\org\springframework\boot\spring-boot\2.7.4\spring-boot-2.7.4.jar;F:\wjw\apache-maven-3.8.6\respository\org\springframework\spring-context\5.3.23\spring-context-5.3.23.jar;F:\wjw\apache-maven-3.8.6\respository\org\springframework\boot\spring-boot-autoconfigure\2.7.4\spring-boot-autoconfigure-2.7.4.jar;F:\wjw\apache-maven-3.8.6\respository\org\springframework\boot\spring-boot-starter-logging\2.7.4\spring-boot-starter-logging-2.7.4.jar;F:\wjw\apache-maven-3.8.6\respository\ch\qos\logback\logback-classic\1.2.11\logback-classic-1.2.11.jar;F:\wjw\apache-maven-3.8.6\respository\ch\qos\logback\logback-core\1.2.11\logback-core-1.2.11.jar;F:\wjw\apache-maven-3.8.6\respository\org\apache\logging\log4j\log4j-to-slf4j\2.17.2\log4j-to-slf4j-2.17.2.jar;F:\wjw\apache-maven-3.8.6\respository\org\apache\logging\log4j\log4j-api\2.17.2\log4j-api-2.17.2.jar;F:\wjw\apache-maven-3.8.6\respository\org\slf4j\jul-to-slf4j\1.7.36\jul-to-slf4j-1.7.36.jar;F:\wjw\apache-maven-3.8.6\respository\jakarta\annotation\jakarta.annotation-api\1.3.5\jakarta.annotation-api-1.3.5.jar;F:\wjw\apache-maven-3.8.6\respository\org\springframework\spring-core\5.3.23\spring-core-5.3.23.jar;F:\wjw\apache-maven-3.8.6\respository\org\springframework\spring-jcl\5.3.23\spring-jcl-5.3.23.jar;F:\wjw\apache-maven-3.8.6\respository\org\yaml\snakeyaml\1.30\snakeyaml-1.30.jar;F:\wjw\apache-maven-3.8.6\respository\org\springframework\boot\spring-boot-starter-test\2.7.4\spring-boot-starter-test-2.7.4.jar;F:\wjw\apache-maven-3.8.6\respository\org\springframework\boot\spring-boot-test\2.7.4\spring-boot-test-2.7.4.jar;F:\wjw\apache-maven-3.8.6\respository\org\springframework\boot\spring-boot-test-autoconfigure\2.7.4\spring-boot-test-autoconfigure-2.7.4.jar;F:\wjw\apache-maven-3.8.6\respository\com\jayway\jsonpath\json-path\2.7.0\json-path-2.7.0.jar;F:\wjw\apache-maven-3.8.6\respository\net\minidev\json-smart\2.4.8\json-smart-2.4.8.jar;F:\wjw\apache-maven-3.8.6\respository\net\minidev\accessors-smart\2.4.8\accessors-smart-2.4.8.jar;F:\wjw\apache-maven-3.8.6\respository\org\ow2\asm\asm\9.1\asm-9.1.jar;F:\wjw\apache-maven-3.8.6\respository\jakarta\xml\bind\jakarta.xml.bind-api\2.3.3\jakarta.xml.bind-api-2.3.3.jar;F:\wjw\apache-maven-3.8.6\respository\jakarta\activation\jakarta.activation-api\1.2.2\jakarta.activation-api-1.2.2.jar;F:\wjw\apache-maven-3.8.6\respository\org\assertj\assertj-core\3.22.0\assertj-core-3.22.0.jar;F:\wjw\apache-maven-3.8.6\respository\org\hamcrest\hamcrest\2.2\hamcrest-2.2.jar;F:\wjw\apache-maven-3.8.6\respository\org\junit\jupiter\junit-jupiter\5.8.2\junit-jupiter-5.8.2.jar;F:\wjw\apache-maven-3.8.6\respository\org\junit\jupiter\junit-jupiter-api\5.8.2\junit-jupiter-api-5.8.2.jar;F:\wjw\apache-maven-3.8.6\respository\org\opentest4j\opentest4j\1.2.0\opentest4j-1.2.0.jar;F:\wjw\apache-maven-3.8.6\respository\org\junit\platform\junit-platform-commons\1.8.2\junit-platform-commons-1.8.2.jar;F:\wjw\apache-maven-3.8.6\respository\org\apiguardian\apiguardian-api\1.1.2\apiguardian-api-1.1.2.jar;F:\wjw\apache-maven-3.8.6\respository\org\junit\jupiter\junit-jupiter-params\5.8.2\junit-jupiter-params-5.8.2.jar;F:\wjw\apache-maven-3.8.6\respository\org\junit\jupiter\junit-jupiter-engine\5.8.2\junit-jupiter-engine-5.8.2.jar;F:\wjw\apache-maven-3.8.6\respository\org\junit\platform\junit-platform-engine\1.8.2\junit-platform-engine-1.8.2.jar;F:\wjw\apache-maven-3.8.6\respository\org\mockito\mockito-core\4.5.1\mockito-core-4.5.1.jar;F:\wjw\apache-maven-3.8.6\respository\net\bytebuddy\byte-buddy\1.12.17\byte-buddy-1.12.17.jar;F:\wjw\apache-maven-3.8.6\respository\net\bytebuddy\byte-buddy-agent\1.12.17\byte-buddy-agent-1.12.17.jar;F:\wjw\apache-maven-3.8.6\respository\org\objenesis\objenesis\3.2\objenesis-3.2.jar;F:\wjw\apache-maven-3.8.6\respository\org\mockito\mockito-junit-jupiter\4.5.1\mockito-junit-jupiter-4.5.1.jar;F:\wjw\apache-maven-3.8.6\respository\org\skyscreamer\jsonassert\1.5.1\jsonassert-1.5.1.jar;F:\wjw\apache-maven-3.8.6\respository\com\vaadin\external\google\android-json\0.0.20131108.vaadin1\android-json-0.0.20131108.vaadin1.jar;F:\wjw\apache-maven-3.8.6\respository\org\springframework\spring-test\5.3.23\spring-test-5.3.23.jar;F:\wjw\apache-maven-3.8.6\respository\org\xmlunit\xmlunit-core\2.9.0\xmlunit-core-2.9.0.jar;F:\wjw\apache-maven-3.8.6\respository\org\springframework\boot\spring-boot-starter-web\2.7.4\spring-boot-starter-web-2.7.4.jar;F:\wjw\apache-maven-3.8.6\respository\org\springframework\boot\spring-boot-starter-json\2.7.4\spring-boot-starter-json-2.7.4.jar;F:\wjw\apache-maven-3.8.6\respository\com\fasterxml\jackson\core\jackson-databind\2.13.4\jackson-databind-2.13.4.jar;F:\wjw\apache-maven-3.8.6\respository\com\fasterxml\jackson\core\jackson-annotations\2.13.4\jackson-annotations-2.13.4.jar;F:\wjw\apache-maven-3.8.6\respository\com\fasterxml\jackson\core\jackson-core\2.13.4\jackson-core-2.13.4.jar;F:\wjw\apache-maven-3.8.6\respository\com\fasterxml\jackson\datatype\jackson-datatype-jdk8\2.13.4\jackson-datatype-jdk8-2.13.4.jar;F:\wjw\apache-maven-3.8.6\respository\com\fasterxml\jackson\datatype\jackson-datatype-jsr310\2.13.4\jackson-datatype-jsr310-2.13.4.jar;F:\wjw\apache-maven-3.8.6\respository\com\fasterxml\jackson\module\jackson-module-parameter-names\2.13.4\jackson-module-parameter-names-2.13.4.jar;F:\wjw\apache-maven-3.8.6\respository\org\springframework\boot\spring-boot-starter-tomcat\2.7.4\spring-boot-starter-tomcat-2.7.4.jar;F:\wjw\apache-maven-3.8.6\respository\org\apache\tomcat\embed\tomcat-embed-core\9.0.65\tomcat-embed-core-9.0.65.jar;F:\wjw\apache-maven-3.8.6\respository\org\apache\tomcat\embed\tomcat-embed-el\9.0.65\tomcat-embed-el-9.0.65.jar;F:\wjw\apache-maven-3.8.6\respository\org\apache\tomcat\embed\tomcat-embed-websocket\9.0.65\tomcat-embed-websocket-9.0.65.jar;F:\wjw\apache-maven-3.8.6\respository\org\springframework\spring-web\5.3.23\spring-web-5.3.23.jar;F:\wjw\apache-maven-3.8.6\respository\org\springframework\spring-beans\5.3.23\spring-beans-5.3.23.jar;F:\wjw\apache-maven-3.8.6\respository\org\springframework\spring-webmvc\5.3.23\spring-webmvc-5.3.23.jar;F:\wjw\apache-maven-3.8.6\respository\org\springframework\spring-aop\5.3.23\spring-aop-5.3.23.jar;F:\wjw\apache-maven-3.8.6\respository\org\springframework\spring-expression\5.3.23\spring-expression-5.3.23.jar;F:\wjw\apache-maven-3.8.6\respository\com\baomidou\mybatis-plus-boot-starter\3.4.2\mybatis-plus-boot-starter-3.4.2.jar;F:\wjw\apache-maven-3.8.6\respository\com\baomidou\mybatis-plus\3.4.2\mybatis-plus-3.4.2.jar;F:\wjw\apache-maven-3.8.6\respository\com\baomidou\mybatis-plus-extension\3.4.2\mybatis-plus-extension-3.4.2.jar;F:\wjw\apache-maven-3.8.6\respository\com\baomidou\mybatis-plus-core\3.4.2\mybatis-plus-core-3.4.2.jar;F:\wjw\apache-maven-3.8.6\respository\com\baomidou\mybatis-plus-annotation\3.4.2\mybatis-plus-annotation-3.4.2.jar;F:\wjw\apache-maven-3.8.6\respository\com\github\jsqlparser\jsqlparser\4.0\jsqlparser-4.0.jar;F:\wjw\apache-maven-3.8.6\respository\org\mybatis\mybatis\3.5.6\mybatis-3.5.6.jar;F:\wjw\apache-maven-3.8.6\respository\org\mybatis\mybatis-spring\2.0.5\mybatis-spring-2.0.5.jar;F:\wjw\apache-maven-3.8.6\respository\org\springframework\boot\spring-boot-starter-jdbc\2.7.4\spring-boot-starter-jdbc-2.7.4.jar;F:\wjw\apache-maven-3.8.6\respository\com\zaxxer\HikariCP\4.0.3\HikariCP-4.0.3.jar;F:\wjw\apache-maven-3.8.6\respository\org\springframework\spring-jdbc\5.3.23\spring-jdbc-5.3.23.jar;F:\wjw\apache-maven-3.8.6\respository\org\springframework\spring-tx\5.3.23\spring-tx-5.3.23.jar;F:\wjw\apache-maven-3.8.6\respository\org\projectlombok\lombok\1.18.20\lombok-1.18.20.jar;F:\wjw\apache-maven-3.8.6\respository\com\alibaba\fastjson\1.2.76\fastjson-1.2.76.jar;F:\wjw\apache-maven-3.8.6\respository\commons-lang\commons-lang\2.6\commons-lang-2.6.jar;F:\wjw\apache-maven-3.8.6\respository\mysql\mysql-connector-java\8.0.30\mysql-connector-java-8.0.30.jar;F:\wjw\apache-maven-3.8.6\respository\com\alibaba\druid-spring-boot-starter\1.1.23\druid-spring-boot-starter-1.1.23.jar;F:\wjw\apache-maven-3.8.6\respository\com\alibaba\druid\1.1.23\druid-1.1.23.jar;F:\wjw\apache-maven-3.8.6\respository\org\slf4j\slf4j-api\1.7.36\slf4j-api-1.7.36.jar;F:\wjw\apache-maven-3.8.6\respository\com\aliyun\aliyun-java-sdk-core\4.5.29\aliyun-java-sdk-core-4.5.29.jar;F:\wjw\apache-maven-3.8.6\respository\com\google\code\gson\gson\2.9.1\gson-2.9.1.jar;F:\wjw\apache-maven-3.8.6\respository\org\apache\httpcomponents\httpclient\4.5.13\httpclient-4.5.13.jar;F:\wjw\apache-maven-3.8.6\respository\commons-codec\commons-codec\1.15\commons-codec-1.15.jar;F:\wjw\apache-maven-3.8.6\respository\org\apache\httpcomponents\httpcore\4.4.15\httpcore-4.4.15.jar;F:\wjw\apache-maven-3.8.6\respository\commons-logging\commons-logging\1.2\commons-logging-1.2.jar;F:\wjw\apache-maven-3.8.6\respository\javax\xml\bind\jaxb-api\2.3.1\jaxb-api-2.3.1.jar;F:\wjw\apache-maven-3.8.6\respository\javax\activation\javax.activation-api\1.2.0\javax.activation-api-1.2.0.jar;F:\wjw\apache-maven-3.8.6\respository\org\glassfish\jaxb\jaxb-runtime\2.3.6\jaxb-runtime-2.3.6.jar;F:\wjw\apache-maven-3.8.6\respository\org\glassfish\jaxb\txw2\2.3.6\txw2-2.3.6.jar;F:\wjw\apache-maven-3.8.6\respository\com\sun\istack\istack-commons-runtime\3.0.12\istack-commons-runtime-3.0.12.jar;F:\wjw\apache-maven-3.8.6\respository\com\sun\activation\jakarta.activation\1.2.2\jakarta.activation-1.2.2.jar;F:\wjw\apache-maven-3.8.6\respository\org\bouncycastle\bcprov-jdk15on\1.68\bcprov-jdk15on-1.68.jar;F:\wjw\apache-maven-3.8.6\respository\org\jacoco\org.jacoco.agent\0.8.7\org.jacoco.agent-0.8.7-runtime.jar;F:\wjw\apache-maven-3.8.6\respository\org\ini4j\ini4j\0.5.4\ini4j-0.5.4.jar;F:\wjw\apache-maven-3.8.6\respository\io\opentracing\opentracing-api\0.33.0\opentracing-api-0.33.0.jar;F:\wjw\apache-maven-3.8.6\respository\io\opentracing\opentracing-util\0.33.0\opentracing-util-0.33.0.jar;F:\wjw\apache-maven-3.8.6\respository\io\opentracing\opentracing-noop\0.33.0\opentracing-noop-0.33.0.jar;F:\wjw\apache-maven-3.8.6\respository\com\aliyun\aliyun-java-sdk-dysmsapi\2.2.1\aliyun-java-sdk-dysmsapi-2.2.1.jar;"/>
    <property name="sun.cpu.endian" value="little"/>
    <property name="user.home" value="C:\Users\xbc"/>
    <property name="user.language" value="zh"/>
    <property name="java.specification.vendor" value="Oracle Corporation"/>
    <property name="java.version.date" value="2022-08-18"/>
    <property name="java.home" value="F:\jdk"/>
    <property name="file.separator" value="\"/>
    <property name="basedir" value="F:\wjw\Reggie"/>
    <property name="java.vm.compressedOopsMode" value="32-bit"/>
    <property name="line.separator" value="&#10;"/>
    <property name="java.vm.specification.vendor" value="Oracle Corporation"/>
    <property name="java.specification.name" value="Java Platform API Specification"/>
    <property name="surefire.real.class.path" value="C:\Users\xbc\AppData\Local\Temp\surefire14809083724684353943\surefirebooter9524228909582621733.jar"/>
    <property name="user.script" value=""/>
    <property name="sun.management.compiler" value="HotSpot 64-Bit Tiered Compilers"/>
    <property name="java.runtime.version" value="18.0.2.1+1-1"/>
    <property name="user.name" value="xbc"/>
    <property name="path.separator" value=";"/>
    <property name="os.version" value="10.0"/>
    <property name="java.runtime.name" value="OpenJDK Runtime Environment"/>
    <property name="file.encoding" value="UTF-8"/>
    <property name="java.vm.name" value="OpenJDK 64-Bit Server VM"/>
    <property name="localRepository" value="F:\wjw\apache-maven-3.8.6\respository"/>
    <property name="java.vendor.url.bug" value="https://bugreport.java.com/bugreport/"/>
    <property name="java.io.tmpdir" value="C:\Users\xbc\AppData\Local\Temp\"/>
    <property name="idea.version" value="2022.3.2"/>
    <property name="java.version" value="18.0.2.1"/>
    <property name="user.dir" value="F:\wjw\Reggie"/>
    <property name="os.arch" value="amd64"/>
    <property name="java.vm.specification.name" value="Java Virtual Machine Specification"/>
    <property name="sun.os.patch.level" value=""/>
    <property name="native.encoding" value="GBK"/>
    <property name="java.library.path" value="F:\jdk\bin;C:\WINDOWS\Sun\Java\bin;C:\WINDOWS\system32;C:\WINDOWS;C:\Program Files (x86)\Razer Chroma SDK\bin;C:\Program Files\Razer Chroma SDK\bin;C:\Program Files (x86)\Razer\ChromaBroadcast\bin;C:\Program Files\Razer\ChromaBroadcast\bin;C:\Program Files (x86)\NetSarang\Xftp 6\;C:\Program Files (x86)\Common Files\Oracle\Java\javapath;C:\Windows\system32;C:\Windows;C:\Windows\System32\Wbem;C:\Windows\System32\WindowsPowerShell\v1.0\;C:\Windows\System32\OpenSSH\;C:\Program Files (x86)\NVIDIA Corporation\PhysX\Common;C:\Program Files\NVIDIA Corporation\NVIDIA NvDLISR;C:\Program Files\Git\cmd;C:\WINDOWS\system32;C:\WINDOWS;C:\WINDOWS\System32\Wbem;C:\WINDOWS\System32\WindowsPowerShell\v1.0\;C:\WINDOWS\System32\OpenSSH\;C:\Program Files (x86)\Bitvise SSH Client;C:\Program Files\TortoiseSVN\bin;C:\Program Files\VisualSVN Server\bin;C:\Program Files\dotnet\;C:\Program Files\WireGuard\;C:\Python3.7\;C:\Python3.7\Scripts;C:\WINDOWS\system32\config\systemprofile\AppData\Local\Microsoft\WindowsApps;F:\wjw\Mysql\mysql-8.0.32-winx64\bin;;%SystemRoot%\system32;%SystemRoot%;%SystemRoot%\System32\Wbem;%SYSTEMROOT%\System32\WindowsPowerShell\v1.0\;%SYSTEMROOT%\System32\OpenSSH\;C:\Python3.7\;C:\Python3.7\Scripts;C:\Program Files\OpenSSL-Win64\bin;C:\Program Files\JetBrains\PyCharm 2020.3.5\bin;;C:\Users\xbc\AppData\Local\Programs\Microsoft VS Code\bin;F:\IntelliJ IDEA 2022.2.2\bin;;;C:\Users\xbc\AppData\Local\Microsoft\WindowsApps;c:\program files (x86)\mydrivers\drivergenius;c:\program files (x86)\mydrivers\drivergenius\ksoft;."/>
    <property name="java.vm.info" value="mixed mode, sharing"/>
    <property name="java.vendor" value="Oracle Corporation"/>
    <property name="java.vm.version" value="18.0.2.1+1-1"/>
    <property name="sun.io.unicode.encoding" value="UnicodeLittle"/>
    <property name="maven.repo.local" value="F:\wjw\apache-maven-3.8.6\respository"/>
    <property name="java.class.version" value="62.0"/>
  </properties>
  <testcase name="test1" classname="com.robin.reggie.ReggieApplicationTests" time="0.358"/>
  <testcase name="contextLoads" classname="com.robin.reggie.ReggieApplicationTests" time="0.002"/>
</testsuite>